# JRE version: OpenJDK Runtime Environment (20.0.2+9) (build 20.0.2+9-78)
# Java VM: OpenJDK 64-Bit Server VM (20.0.2+9-78, mixed mode, sharing, tiered, compressed oops, compressed class ptrs, g1 gc, windows-amd64)
GC Precious Log:
 CardTable entry size: 512
 Card Set container configuration: InlinePtr #cards 5 size 8 Array Of Cards #cards 12 size 40 Howl #buckets 4 coarsen threshold 1843 Howl Bitmap #cards 512 size 80 coarsen threshold 460 Card regions per heap region 1 cards per card region 2048
 CPUs: 8 total, 8 available
 Memory: 6020M
 Large Page Support: Disabled
 NUMA Support: Disabled
 Compressed Oops: Enabled (32-bit)
 Heap Region Size: 1M
 Heap Min Capacity: 8M
 Heap Initial Capacity: 96M
 Heap Max Capacity: 1506M
 Pre-touch: Disabled
 Parallel Workers: 8
 Concurrent Workers: 2
 Concurrent Refinement Workers: 8
 Periodic GC: Disabled
Heap:
 garbage-first heap   total 58368K, used 45816K [0x00000000a1e00000, 0x0000000100000000)
  region size 1024K, 16 young (16384K), 1 survivors (1024K)
 Metaspace       used 71071K, committed 71808K, reserved 1114112K
  class space    used 9529K, committed 9856K, reserved 1048576K
GC Heap History (20 events):
Event: 7.889 GC heap before
{Heap before GC invocations=11 (full 0):
 garbage-first heap   total 55296K, used 46941K [0x00000000a1e00000, 0x0000000100000000)
  region size 1024K, 25 young (25600K), 2 survivors (2048K)
 Metaspace       used 55368K, committed 55936K, reserved 1114112K
  class space    used 7405K, committed 7680K, reserved 1048576K
}
Event: 7.892 GC heap after
{Heap after GC invocations=12 (full 0):
 garbage-first heap   total 55296K, used 25263K [0x00000000a1e00000, 0x0000000100000000)
  region size 1024K, 3 young (3072K), 3 survivors (3072K)
 Metaspace       used 55368K, committed 55936K, reserved 1114112K
  class space    used 7405K, committed 7680K, reserved 1048576K
}
Event: 8.319 GC heap before
{Heap before GC invocations=12 (full 0):
 garbage-first heap   total 55296K, used 40623K [0x00000000a1e00000, 0x0000000100000000)
  region size 1024K, 19 young (19456K), 3 survivors (3072K)
 Metaspace       used 59613K, committed 60288K, reserved 1114112K
  class space    used 7998K, committed 8320K, reserved 1048576K
}
Event: 8.323 GC heap after
{Heap after GC invocations=13 (full 0):
 garbage-first heap   total 55296K, used 26178K [0x00000000a1e00000, 0x0000000100000000)
  region size 1024K, 2 young (2048K), 2 survivors (2048K)
 Metaspace       used 59613K, committed 60288K, reserved 1114112K
  class space    used 7998K, committed 8320K, reserved 1048576K
}
Event: 8.903 GC heap before
{Heap before GC invocations=14 (full 0):
 garbage-first heap   total 55296K, used 48706K [0x00000000a1e00000, 0x0000000100000000)
  region size 1024K, 24 young (24576K), 2 survivors (2048K)
 Metaspace       used 63516K, committed 64256K, reserved 1114112K
  class space    used 8565K, committed 8896K, reserved 1048576K
}
Event: 8.907 GC heap after
{Heap after GC invocations=15 (full 0):
 garbage-first heap   total 55296K, used 28295K [0x00000000a1e00000, 0x0000000100000000)
  region size 1024K, 3 young (3072K), 3 survivors (3072K)
 Metaspace       used 63516K, committed 64256K, reserved 1114112K
  class space    used 8565K, committed 8896K, reserved 1048576K
}
Event: 9.408 GC heap before
{Heap before GC invocations=15 (full 0):
 garbage-first heap   total 55296K, used 47751K [0x00000000a1e00000, 0x0000000100000000)
  region size 1024K, 22 young (22528K), 3 survivors (3072K)
 Metaspace       used 65993K, committed 66688K, reserved 1114112K
  class space    used 8891K, committed 9216K, reserved 1048576K
}
Event: 9.413 GC heap after
{Heap after GC invocations=16 (full 0):
 garbage-first heap   total 55296K, used 30133K [0x00000000a1e00000, 0x0000000100000000)
  region size 1024K, 3 young (3072K), 3 survivors (3072K)
 Metaspace       used 65993K, committed 66688K, reserved 1114112K
  class space    used 8891K, committed 9216K, reserved 1048576K
}
Event: 33.448 GC heap before
{Heap before GC invocations=16 (full 0):
 garbage-first heap   total 55296K, used 45493K [0x00000000a1e00000, 0x0000000100000000)
  region size 1024K, 19 young (19456K), 3 survivors (3072K)
 Metaspace       used 69212K, committed 70016K, reserved 1114112K
  class space    used 9312K, committed 9664K, reserved 1048576K
}
Event: 33.453 GC heap after
{Heap after GC invocations=17 (full 0):
 garbage-first heap   total 55296K, used 32165K [0x00000000a1e00000, 0x0000000100000000)
  region size 1024K, 2 young (2048K), 2 survivors (2048K)
 Metaspace       used 69212K, committed 70016K, reserved 1114112K
  class space    used 9312K, committed 9664K, reserved 1048576K
}
Event: 244.711 GC heap before
{Heap before GC invocations=18 (full 0):
 garbage-first heap   total 58368K, used 47525K [0x00000000a1e00000, 0x0000000100000000)
  region size 1024K, 18 young (18432K), 2 survivors (2048K)
 Metaspace       used 70160K, committed 70976K, reserved 1114112K
  class space    used 9428K, committed 9792K, reserved 1048576K
}
Event: 244.715 GC heap after
{Heap after GC invocations=19 (full 0):
 garbage-first heap   total 58368K, used 33359K [0x00000000a1e00000, 0x0000000100000000)
  region size 1024K, 2 young (2048K), 2 survivors (2048K)
 Metaspace       used 70160K, committed 70976K, reserved 1114112K
  class space    used 9428K, committed 9792K, reserved 1048576K
}
Event: 550.400 GC heap before
{Heap before GC invocations=19 (full 0):
 garbage-first heap   total 58368K, used 50767K [0x00000000a1e00000, 0x0000000100000000)
  region size 1024K, 19 young (19456K), 2 survivors (2048K)
 Metaspace       used 70195K, committed 70976K, reserved 1114112K
  class space    used 9428K, committed 9792K, reserved 1048576K
}
Event: 550.458 GC heap after
{Heap after GC invocations=20 (full 0):
 garbage-first heap   total 58368K, used 33122K [0x00000000a1e00000, 0x0000000100000000)
  region size 1024K, 1 young (1024K), 1 survivors (1024K)
 Metaspace       used 70195K, committed 70976K, reserved 1114112K
  class space    used 9428K, committed 9792K, reserved 1048576K
}
Event: 873.606 GC heap before
{Heap before GC invocations=20 (full 0):
 garbage-first heap   total 58368K, used 51554K [0x00000000a1e00000, 0x0000000100000000)
  region size 1024K, 19 young (19456K), 1 survivors (1024K)
 Metaspace       used 70202K, committed 70976K, reserved 1114112K
  class space    used 9428K, committed 9792K, reserved 1048576K
}
Event: 873.631 GC heap after
{Heap after GC invocations=21 (full 0):
 garbage-first heap   total 58368K, used 33042K [0x00000000a1e00000, 0x0000000100000000)
  region size 1024K, 1 young (1024K), 1 survivors (1024K)
 Metaspace       used 70202K, committed 70976K, reserved 1114112K
  class space    used 9428K, committed 9792K, reserved 1048576K
}
Event: 1216.425 GC heap before
{Heap before GC invocations=22 (full 0):
 garbage-first heap   total 58368K, used 52498K [0x00000000a1e00000, 0x0000000100000000)
  region size 1024K, 20 young (20480K), 1 survivors (1024K)
 Metaspace       used 70216K, committed 70976K, reserved 1114112K
  class space    used 9428K, committed 9792K, reserved 1048576K
}
Event: 1216.470 GC heap after
{Heap after GC invocations=23 (full 0):
 garbage-first heap   total 58368K, used 33003K [0x00000000a1e00000, 0x0000000100000000)
  region size 1024K, 1 young (1024K), 1 survivors (1024K)
 Metaspace       used 70216K, committed 70976K, reserved 1114112K
  class space    used 9428K, committed 9792K, reserved 1048576K
}
Event: 1560.574 GC heap before
{Heap before GC invocations=23 (full 0):
 garbage-first heap   total 58368K, used 52459K [0x00000000a1e00000, 0x0000000100000000)
  region size 1024K, 20 young (20480K), 1 survivors (1024K)
 Metaspace       used 70229K, committed 70976K, reserved 1114112K
  class space    used 9428K, committed 9792K, reserved 1048576K
}
Event: 1560.627 GC heap after
{Heap after GC invocations=24 (full 0):
 garbage-first heap   total 58368K, used 32504K [0x00000000a1e00000, 0x0000000100000000)
  region size 1024K, 1 young (1024K), 1 survivors (1024K)
 Metaspace       used 70229K, committed 70976K, reserved 1114112K
  class space    used 9428K, committed 9792K, reserved 1048576K
}

